<?xml version="1.0" encoding="UTF-8"?>
<testsuite xmlns:xsi="http://www.w3.org/2001/XMLSchema-instance" xsi:noNamespaceSchemaLocation="https://maven.apache.org/surefire/maven-surefire-plugin/xsd/surefire-test-report-3.0.xsd" version="3.0" name="ParameterizedLionTest" time="0.001" tests="4" errors="0" skipped="0" failures="0">
  <properties>
[...]
</properties>
  <testcase name="lionHasManeExceptionTest[0]" classname="ParameterizedLionTest" time="0.0"/>
  <testcase name="lionHasManeTest[0]" classname="ParameterizedLionTest" time="0.0"/>
  <testcase name="lionHasManeExceptionTest[1]" classname="ParameterizedLionTest" time="0.0"/>
  <testcase name="lionHasManeTest[1]" classname="ParameterizedLionTest" time="0.0"/>
</testsuite>